<?xml version="1.0" encoding="UTF-8"?>
<!-- Generated by org.testng.reporters.JUnitReportReporter -->
<testsuite skipped="0" hostname="DESKTOP-SRGB2RK" name="com.training.sanity.tests.Elearning_Forum_ELTC_044" tests="1" failures="0" timestamp="2019-10-31T13:16:37 IST" time="45.987" errors="0">
  <testcase name="validLoginTest" time="45.987" classname="com.training.sanity.tests.Elearning_Forum_ELTC_044"/>
</testsuite> <!-- com.training.sanity.tests.Elearning_Forum_ELTC_044 -->
