<?xml version="1.0" encoding="UTF-8"?>
<!-- Generated by org.testng.reporters.JUnitReportReporter -->
<testsuite skipped="0" hostname="DESKTOP-SRGB2RK" name="com.training.sanity.tests.Elearning_UploadFile_ELTC_043" tests="1" failures="0" timestamp="2019-10-31T12:53:27 IST" time="54.478" errors="0">
  <testcase name="validLoginTest" time="54.478" classname="com.training.sanity.tests.Elearning_UploadFile_ELTC_043"/>
</testsuite> <!-- com.training.sanity.tests.Elearning_UploadFile_ELTC_043 -->
